INFO 2025-09-15 00:16:40,172 autoreload 6800 29476 Watching for file changes with StatReloader
INFO 2025-09-15 00:17:44,455 basehttp 6800 12500 "GET / HTTP/1.1" 200 110109
INFO 2025-09-15 00:17:44,523 basehttp 6800 22916 "GET /static/main/mainnn.css HTTP/1.1" 304 0
INFO 2025-09-15 00:17:44,523 basehttp 6800 29168 "GET /static/main/make.js HTTP/1.1" 304 0
INFO 2025-09-15 00:17:44,536 basehttp 6800 12500 "GET / HTTP/1.1" 200 110109
INFO 2025-09-15 00:17:46,143 basehttp 6800 12500 "GET /total_orders HTTP/1.1" 200 50409
INFO 2025-09-15 00:17:54,971 basehttp 6800 14052 "GET /total_orders/month_sales?m=3&y=2024 HTTP/1.1" 200 39130
INFO 2025-09-15 00:18:00,273 basehttp 6800 14052 "GET /order_info/9 HTTP/1.1" 200 35250
INFO 2025-09-15 00:18:00,282 basehttp 6800 14052 "GET /static/main/order_table.js HTTP/1.1" 304 0
INFO 2025-09-15 00:18:08,218 basehttp 6800 14052 "GET /coming_order/45 HTTP/1.1" 200 36034
INFO 2025-09-15 00:18:18,443 basehttp 6800 23880 "GET /total_orders HTTP/1.1" 200 50409
INFO 2025-09-15 00:18:19,112 basehttp 6800 23880 "GET /users/ HTTP/1.1" 200 71293
INFO 2025-09-15 00:18:19,121 basehttp 6800 23880 "GET /static/main/users_search.js HTTP/1.1" 304 0
INFO 2025-09-15 00:18:22,018 basehttp 6800 23880 "GET /users/1 HTTP/1.1" 200 44702
WARNING 2025-09-15 00:18:27,776 log 6800 23880 Not Found: /.well-known/appspecific/com.chrome.devtools.json
WARNING 2025-09-15 00:18:27,777 basehttp 6800 23880 "GET /.well-known/appspecific/com.chrome.devtools.json HTTP/1.1" 404 10362
INFO 2025-09-15 00:21:41,147 basehttp 6800 11328 "GET /users/1 HTTP/1.1" 200 45641
WARNING 2025-09-15 00:21:41,226 log 6800 11328 Not Found: /.well-known/appspecific/com.chrome.devtools.json
WARNING 2025-09-15 00:21:41,226 basehttp 6800 11328 "GET /.well-known/appspecific/com.chrome.devtools.json HTTP/1.1" 404 10362
INFO 2025-09-15 00:22:13,943 autoreload 12600 27880 Watching for file changes with StatReloader
WARNING 2025-09-15 00:22:14,158 log 12600 18244 Not Found: /users/1555
WARNING 2025-09-15 00:22:14,158 basehttp 12600 18244 "GET /users/1555 HTTP/1.1" 404 3916
WARNING 2025-09-15 00:22:14,211 log 12600 18244 Not Found: /.well-known/appspecific/com.chrome.devtools.json
WARNING 2025-09-15 00:22:14,211 basehttp 12600 18244 "GET /.well-known/appspecific/com.chrome.devtools.json HTTP/1.1" 404 10362
INFO 2025-09-15 00:23:59,014 autoreload 12600 27880 C:\D\Cooding\GENERAL\Al-Asel\asel\settings.py changed, reloading.
INFO 2025-09-15 00:23:59,705 autoreload 22384 9264 Watching for file changes with StatReloader
INFO 2025-09-15 00:24:05,087 autoreload 22384 9264 C:\D\Cooding\GENERAL\Al-Asel\asel\settings.py changed, reloading.
INFO 2025-09-15 00:24:05,716 autoreload 12572 29000 Watching for file changes with StatReloader
INFO 2025-09-15 00:24:11,087 autoreload 12572 29000 C:\D\Cooding\GENERAL\Al-Asel\asel\settings.py changed, reloading.
INFO 2025-09-15 00:24:11,746 autoreload 20476 24544 Watching for file changes with StatReloader
INFO 2025-09-15 00:24:18,175 autoreload 20476 24544 C:\D\Cooding\GENERAL\Al-Asel\asel\settings.py changed, reloading.
INFO 2025-09-15 00:24:18,758 autoreload 28824 952 Watching for file changes with StatReloader
INFO 2025-09-15 00:24:42,517 autoreload 28824 952 C:\D\Cooding\GENERAL\Al-Asel\asel\settings.py changed, reloading.
INFO 2025-09-15 00:24:43,180 autoreload 26656 14032 Watching for file changes with StatReloader
INFO 2025-09-15 00:24:45,485 autoreload 26656 14032 C:\D\Cooding\GENERAL\Al-Asel\asel\settings.py changed, reloading.
INFO 2025-09-15 00:24:46,074 autoreload 5416 16744 Watching for file changes with StatReloader
WARNING 2025-09-15 00:24:52,022 base 5416 28592 Session data corrupted
INFO 2025-09-15 00:24:52,034 basehttp 5416 28592 "GET /users/1555 HTTP/1.1" 302 0
INFO 2025-09-15 00:24:52,053 basehttp 5416 28592 "GET /login/?next=/users/1555 HTTP/1.1" 200 4931
WARNING 2025-09-15 00:24:52,104 log 5416 28592 Not Found: /.well-known/appspecific/com.chrome.devtools.json
WARNING 2025-09-15 00:24:52,104 basehttp 5416 28592 "GET /.well-known/appspecific/com.chrome.devtools.json HTTP/1.1" 404 179
INFO 2025-09-15 00:25:00,643 basehttp 5416 29152 "POST /login/ HTTP/1.1" 302 0
WARNING 2025-09-15 00:25:00,653 log 5416 29152 Not Found: /users/1555
WARNING 2025-09-15 00:25:00,654 basehttp 5416 29152 "GET /users/1555 HTTP/1.1" 404 179
WARNING 2025-09-15 00:25:00,696 log 5416 29152 Not Found: /.well-known/appspecific/com.chrome.devtools.json
WARNING 2025-09-15 00:25:00,697 basehttp 5416 29152 "GET /.well-known/appspecific/com.chrome.devtools.json HTTP/1.1" 404 179
WARNING 2025-09-15 00:25:10,247 log 5416 1552 Not Found: /users/1555
WARNING 2025-09-15 00:25:10,248 basehttp 5416 1552 "GET /users/1555 HTTP/1.1" 404 179
WARNING 2025-09-15 00:25:10,292 log 5416 1552 Not Found: /.well-known/appspecific/com.chrome.devtools.json
WARNING 2025-09-15 00:25:10,293 basehttp 5416 1552 "GET /.well-known/appspecific/com.chrome.devtools.json HTTP/1.1" 404 179
INFO 2025-09-15 00:25:17,761 autoreload 23184 27340 Watching for file changes with StatReloader
WARNING 2025-09-15 00:25:19,354 log 23184 14112 Not Found: /users/1555
WARNING 2025-09-15 00:25:19,355 basehttp 23184 14112 "GET /users/1555 HTTP/1.1" 404 3916
WARNING 2025-09-15 00:25:19,407 log 23184 14112 Not Found: /.well-known/appspecific/com.chrome.devtools.json
WARNING 2025-09-15 00:25:19,409 basehttp 23184 14112 "GET /.well-known/appspecific/com.chrome.devtools.json HTTP/1.1" 404 10362
WARNING 2025-09-15 00:25:23,987 log 23184 22780 Not Found: /users/1555
WARNING 2025-09-15 00:25:23,988 basehttp 23184 22780 "GET /users/1555 HTTP/1.1" 404 3916
WARNING 2025-09-15 00:25:24,036 log 23184 22780 Not Found: /.well-known/appspecific/com.chrome.devtools.json
WARNING 2025-09-15 00:25:24,039 basehttp 23184 22780 "GET /.well-known/appspecific/com.chrome.devtools.json HTTP/1.1" 404 10362
INFO 2025-09-22 02:16:17,001 autoreload 12956 12968 Watching for file changes with StatReloader
INFO 2025-09-22 02:16:19,106 basehttp 12956 28380 "GET / HTTP/1.1" 302 0
INFO 2025-09-22 02:16:19,157 basehttp 12956 28380 "GET /login/?next=/ HTTP/1.1" 200 4921
INFO 2025-09-22 02:16:19,237 basehttp 12956 28380 "GET /static/main/logoamr.png HTTP/1.1" 200 38244
WARNING 2025-09-22 02:16:19,599 log 12956 3736 Not Found: /favicon.ico
WARNING 2025-09-22 02:16:19,600 basehttp 12956 3736 "GET /favicon.ico HTTP/1.1" 404 10251
INFO 2025-09-22 02:16:21,841 basehttp 12956 3736 "POST /login/ HTTP/1.1" 200 5238
INFO 2025-09-22 02:16:26,787 basehttp 12956 3736 "POST /login/ HTTP/1.1" 302 0
INFO 2025-09-22 02:16:26,828 basehttp 12956 3736 "GET / HTTP/1.1" 200 110109
INFO 2025-09-22 02:16:26,843 basehttp 12956 28464 "GET /static/main/make.js HTTP/1.1" 200 1496
INFO 2025-09-22 02:16:26,843 basehttp 12956 3736 "GET /static/main/mainnn.css HTTP/1.1" 200 10858
INFO 2025-09-22 02:16:28,818 basehttp 12956 28464 "POST / HTTP/1.1" 302 0
INFO 2025-09-22 02:16:28,873 basehttp 12956 28464 "GET /order_info/38 HTTP/1.1" 200 35256
INFO 2025-09-22 02:16:28,892 basehttp 12956 28464 "GET /static/main/order_table.js HTTP/1.1" 200 2226
INFO 2025-09-22 02:16:40,925 basehttp 12956 28464 "GET /total_orders HTTP/1.1" 200 55032
INFO 2025-09-22 02:16:47,228 basehttp 12956 28464 "GET /users/ HTTP/1.1" 200 72234
INFO 2025-09-22 02:16:47,235 basehttp 12956 28464 "GET /static/main/users_search.js HTTP/1.1" 200 2469
INFO 2025-09-22 02:16:50,793 basehttp 12956 28464 "GET /order_info/38 HTTP/1.1" 200 35256
WARNING 2025-09-22 02:16:54,304 log 12956 28464 Not Found: /.well-known/appspecific/com.chrome.devtools.json
WARNING 2025-09-22 02:16:54,305 basehttp 12956 28464 "GET /.well-known/appspecific/com.chrome.devtools.json HTTP/1.1" 404 10362
INFO 2025-09-22 02:18:35,061 basehttp 12956 28524 "GET /order_info/38 HTTP/1.1" 200 35256
INFO 2025-09-22 02:18:36,156 basehttp 12956 28524 "GET /order_info/38 HTTP/1.1" 200 35256
WARNING 2025-09-22 02:18:37,994 log 12956 28524 Not Found: /.well-known/appspecific/com.chrome.devtools.json
WARNING 2025-09-22 02:18:37,994 basehttp 12956 28524 "GET /.well-known/appspecific/com.chrome.devtools.json HTTP/1.1" 404 10362
INFO 2025-09-22 02:18:39,455 basehttp 12956 28524 "GET /order_info/38 HTTP/1.1" 200 35256
WARNING 2025-09-22 02:18:39,516 log 12956 28524 Not Found: /.well-known/appspecific/com.chrome.devtools.json
WARNING 2025-09-22 02:18:39,517 basehttp 12956 28524 "GET /.well-known/appspecific/com.chrome.devtools.json HTTP/1.1" 404 10362
INFO 2025-09-22 02:18:43,241 basehttp 12956 28524 "GET /order_info/38 HTTP/1.1" 200 35256
WARNING 2025-09-22 02:18:43,291 log 12956 28524 Not Found: /.well-known/appspecific/com.chrome.devtools.json
WARNING 2025-09-22 02:18:43,293 basehttp 12956 28524 "GET /.well-known/appspecific/com.chrome.devtools.json HTTP/1.1" 404 10362
WARNING 2025-09-22 02:18:51,012 log 12956 29184 Not Found: /.well-known/appspecific/com.chrome.devtools.json
WARNING 2025-09-22 02:18:51,014 basehttp 12956 29184 "GET /.well-known/appspecific/com.chrome.devtools.json HTTP/1.1" 404 10362
WARNING 2025-09-22 02:18:51,039 log 12956 29184 Not Found: /.well-known/appspecific/com.chrome.devtools.json
WARNING 2025-09-22 02:18:51,041 basehttp 12956 29184 "GET /.well-known/appspecific/com.chrome.devtools.json HTTP/1.1" 404 10362
INFO 2025-09-22 02:18:57,286 basehttp 12956 29184 "GET /create_item HTTP/1.1" 200 34285
WARNING 2025-09-22 02:18:57,368 log 12956 29184 Not Found: /.well-known/appspecific/com.chrome.devtools.json
WARNING 2025-09-22 02:18:57,370 basehttp 12956 29184 "GET /.well-known/appspecific/com.chrome.devtools.json HTTP/1.1" 404 10362
INFO 2025-09-22 02:18:58,806 basehttp 12956 29184 "GET / HTTP/1.1" 200 116437
WARNING 2025-09-22 02:18:58,908 log 12956 29184 Not Found: /.well-known/appspecific/com.chrome.devtools.json
WARNING 2025-09-22 02:18:58,909 basehttp 12956 29184 "GET /.well-known/appspecific/com.chrome.devtools.json HTTP/1.1" 404 10362
INFO 2025-09-22 02:19:01,374 basehttp 12956 27564 "POST / HTTP/1.1" 302 0
INFO 2025-09-22 02:19:01,394 basehttp 12956 27564 "GET /order_info/39 HTTP/1.1" 200 35255
WARNING 2025-09-22 02:19:01,481 log 12956 27564 Not Found: /.well-known/appspecific/com.chrome.devtools.json
WARNING 2025-09-22 02:19:01,482 basehttp 12956 27564 "GET /.well-known/appspecific/com.chrome.devtools.json HTTP/1.1" 404 10362
INFO 2025-09-22 02:19:13,707 basehttp 12956 21636 "POST /edit_order/39 HTTP/1.1" 302 0
INFO 2025-09-22 02:19:13,728 basehttp 12956 21636 "GET /edit_order/39 HTTP/1.1" 200 35513
WARNING 2025-09-22 02:19:13,832 log 12956 21636 Not Found: /.well-known/appspecific/com.chrome.devtools.json
WARNING 2025-09-22 02:19:13,834 basehttp 12956 21636 "GET /.well-known/appspecific/com.chrome.devtools.json HTTP/1.1" 404 10362
INFO 2025-09-22 02:20:31,695 basehttp 12956 12328 "GET / HTTP/1.1" 200 116437
WARNING 2025-09-22 02:20:46,215 log 12956 10908 Not Found: /.well-known/appspecific/com.chrome.devtools.json
WARNING 2025-09-22 02:20:46,216 basehttp 12956 10908 "GET /.well-known/appspecific/com.chrome.devtools.json HTTP/1.1" 404 10362
INFO 2025-09-22 02:22:25,700 basehttp 12956 4044 "GET / HTTP/1.1" 200 117641
WARNING 2025-09-22 02:22:25,746 log 12956 4044 Not Found: /.well-known/appspecific/com.chrome.devtools.json
WARNING 2025-09-22 02:22:25,747 basehttp 12956 4044 "GET /.well-known/appspecific/com.chrome.devtools.json HTTP/1.1" 404 10362
INFO 2025-09-22 02:22:27,997 basehttp 12956 4044 "GET /edit_order/39 HTTP/1.1" 200 35475
WARNING 2025-09-22 02:22:28,036 log 12956 4044 Not Found: /.well-known/appspecific/com.chrome.devtools.json
WARNING 2025-09-22 02:22:28,037 basehttp 12956 4044 "GET /.well-known/appspecific/com.chrome.devtools.json HTTP/1.1" 404 10362
INFO 2025-09-22 02:22:28,882 basehttp 12956 4044 "GET /edit_order/39 HTTP/1.1" 200 35475
WARNING 2025-09-22 02:22:28,924 log 12956 4044 Not Found: /.well-known/appspecific/com.chrome.devtools.json
WARNING 2025-09-22 02:22:28,926 basehttp 12956 4044 "GET /.well-known/appspecific/com.chrome.devtools.json HTTP/1.1" 404 10362
INFO 2025-09-22 02:22:30,029 basehttp 12956 11580 "GET /edit_order/39 HTTP/1.1" 200 35475
WARNING 2025-09-22 02:22:30,089 log 12956 11580 Not Found: /.well-known/appspecific/com.chrome.devtools.json
WARNING 2025-09-22 02:22:30,090 basehttp 12956 11580 "GET /.well-known/appspecific/com.chrome.devtools.json HTTP/1.1" 404 10362
INFO 2025-09-22 02:22:35,317 basehttp 12956 11580 "GET /edit_order/39 HTTP/1.1" 200 35475
WARNING 2025-09-22 02:22:35,398 log 12956 11580 Not Found: /.well-known/appspecific/com.chrome.devtools.json
WARNING 2025-09-22 02:22:35,399 basehttp 12956 11580 "GET /.well-known/appspecific/com.chrome.devtools.json HTTP/1.1" 404 10362
INFO 2025-09-22 02:22:37,192 basehttp 12956 11580 "GET /edit_order/39 HTTP/1.1" 200 35475
WARNING 2025-09-22 02:22:37,259 log 12956 11580 Not Found: /.well-known/appspecific/com.chrome.devtools.json
WARNING 2025-09-22 02:22:37,261 basehttp 12956 11580 "GET /.well-known/appspecific/com.chrome.devtools.json HTTP/1.1" 404 10362
INFO 2025-09-22 02:22:57,912 basehttp 12956 18636 "GET /edit_order/39 HTTP/1.1" 200 35475
WARNING 2025-09-22 02:22:57,957 log 12956 18636 Not Found: /.well-known/appspecific/com.chrome.devtools.json
WARNING 2025-09-22 02:22:57,958 basehttp 12956 18636 "GET /.well-known/appspecific/com.chrome.devtools.json HTTP/1.1" 404 10362
INFO 2025-09-22 02:23:39,142 basehttp 12956 28516 "GET /edit_order/39 HTTP/1.1" 200 35483
WARNING 2025-09-22 02:23:39,184 log 12956 28516 Not Found: /.well-known/appspecific/com.chrome.devtools.json
WARNING 2025-09-22 02:23:39,185 basehttp 12956 28516 "GET /.well-known/appspecific/com.chrome.devtools.json HTTP/1.1" 404 10362
INFO 2025-09-22 02:23:40,081 basehttp 12956 2820 "GET /edit_order/39 HTTP/1.1" 200 35483
WARNING 2025-09-22 02:23:40,118 log 12956 2820 Not Found: /.well-known/appspecific/com.chrome.devtools.json
WARNING 2025-09-22 02:23:40,119 basehttp 12956 2820 "GET /.well-known/appspecific/com.chrome.devtools.json HTTP/1.1" 404 10362
INFO 2025-09-22 02:24:06,894 basehttp 12956 16836 "GET /edit_order/39 HTTP/1.1" 200 35486
WARNING 2025-09-22 02:24:06,930 log 12956 16836 Not Found: /.well-known/appspecific/com.chrome.devtools.json
WARNING 2025-09-22 02:24:06,931 basehttp 12956 16836 "GET /.well-known/appspecific/com.chrome.devtools.json HTTP/1.1" 404 10362
INFO 2025-09-22 02:24:17,261 autoreload 23876 21416 Watching for file changes with StatReloader
INFO 2025-09-22 02:24:17,618 basehttp 23876 3232 "GET /edit_order/39 HTTP/1.1" 200 35486
WARNING 2025-09-22 02:24:17,685 log 23876 3232 Not Found: /.well-known/appspecific/com.chrome.devtools.json
WARNING 2025-09-22 02:24:17,687 basehttp 23876 3232 "GET /.well-known/appspecific/com.chrome.devtools.json HTTP/1.1" 404 10362
INFO 2025-09-22 02:24:18,386 basehttp 23876 3232 "GET /edit_order/39 HTTP/1.1" 200 35486
WARNING 2025-09-22 02:24:18,496 log 23876 3232 Not Found: /.well-known/appspecific/com.chrome.devtools.json
WARNING 2025-09-22 02:24:18,498 basehttp 23876 3232 "GET /.well-known/appspecific/com.chrome.devtools.json HTTP/1.1" 404 10362
INFO 2025-09-22 02:24:23,504 basehttp 23876 29384 "GET /edit_order/39 HTTP/1.1" 200 35483
WARNING 2025-09-22 02:24:23,576 log 23876 29384 Not Found: /.well-known/appspecific/com.chrome.devtools.json
WARNING 2025-09-22 02:24:23,579 basehttp 23876 29384 "GET /.well-known/appspecific/com.chrome.devtools.json HTTP/1.1" 404 10362
INFO 2025-09-22 02:25:44,533 basehttp 23876 19300 "GET / HTTP/1.1" 200 117641
WARNING 2025-09-22 02:25:44,591 log 23876 19300 Not Found: /.well-known/appspecific/com.chrome.devtools.json
WARNING 2025-09-22 02:25:44,592 basehttp 23876 19300 "GET /.well-known/appspecific/com.chrome.devtools.json HTTP/1.1" 404 10362
INFO 2025-09-22 02:26:28,055 basehttp 23876 25564 "GET / HTTP/1.1" 200 117641
WARNING 2025-09-22 02:26:28,107 log 23876 25564 Not Found: /.well-known/appspecific/com.chrome.devtools.json
WARNING 2025-09-22 02:26:28,108 basehttp 23876 25564 "GET /.well-known/appspecific/com.chrome.devtools.json HTTP/1.1" 404 10362
INFO 2025-09-22 02:26:38,157 basehttp 23876 19524 "GET /edit_order/39 HTTP/1.1" 200 35474
WARNING 2025-09-22 02:26:38,340 log 23876 19524 Not Found: /.well-known/appspecific/com.chrome.devtools.json
WARNING 2025-09-22 02:26:38,341 basehttp 23876 19524 "GET /.well-known/appspecific/com.chrome.devtools.json HTTP/1.1" 404 10362
INFO 2025-09-22 02:26:38,853 basehttp 23876 19524 "GET /edit_order/39 HTTP/1.1" 200 35474
WARNING 2025-09-22 02:26:38,898 log 23876 19524 Not Found: /.well-known/appspecific/com.chrome.devtools.json
WARNING 2025-09-22 02:26:38,899 basehttp 23876 19524 "GET /.well-known/appspecific/com.chrome.devtools.json HTTP/1.1" 404 10362
INFO 2025-09-22 02:27:32,037 basehttp 23876 24012 "GET /edit_order/39 HTTP/1.1" 200 35474
WARNING 2025-09-22 02:27:32,118 log 23876 24012 Not Found: /.well-known/appspecific/com.chrome.devtools.json
WARNING 2025-09-22 02:27:32,120 basehttp 23876 24012 "GET /.well-known/appspecific/com.chrome.devtools.json HTTP/1.1" 404 10362
INFO 2025-09-22 02:27:38,100 basehttp 23876 24012 "POST /edit_order/39 HTTP/1.1" 302 0
INFO 2025-09-22 02:27:38,130 basehttp 23876 24012 "GET /edit_order/39 HTTP/1.1" 200 35494
WARNING 2025-09-22 02:27:38,175 log 23876 24012 Not Found: /.well-known/appspecific/com.chrome.devtools.json
WARNING 2025-09-22 02:27:38,176 basehttp 23876 24012 "GET /.well-known/appspecific/com.chrome.devtools.json HTTP/1.1" 404 10362
INFO 2025-09-22 02:28:03,940 basehttp 23876 6912 "GET /edit_order/39 HTTP/1.1" 200 35494
WARNING 2025-09-22 02:28:03,983 log 23876 6912 Not Found: /.well-known/appspecific/com.chrome.devtools.json
WARNING 2025-09-22 02:28:03,984 basehttp 23876 6912 "GET /.well-known/appspecific/com.chrome.devtools.json HTTP/1.1" 404 10362
INFO 2025-09-22 02:28:13,556 basehttp 23876 2916 "GET /edit_order/39 HTTP/1.1" 200 35494
WARNING 2025-09-22 02:28:14,529 log 23876 2916 Not Found: /.well-known/appspecific/com.chrome.devtools.json
WARNING 2025-09-22 02:28:14,530 basehttp 23876 2916 "GET /.well-known/appspecific/com.chrome.devtools.json HTTP/1.1" 404 10362
INFO 2025-09-22 02:28:20,018 basehttp 23876 2916 "POST /edit_order/39 HTTP/1.1" 302 0
INFO 2025-09-22 02:28:20,040 basehttp 23876 2916 "GET /edit_order/39 HTTP/1.1" 200 35472
WARNING 2025-09-22 02:28:20,092 log 23876 2916 Not Found: /.well-known/appspecific/com.chrome.devtools.json
WARNING 2025-09-22 02:28:20,094 basehttp 23876 2916 "GET /.well-known/appspecific/com.chrome.devtools.json HTTP/1.1" 404 10362
INFO 2025-09-22 02:28:43,933 basehttp 23876 24496 "GET /edit_order/39 HTTP/1.1" 200 35472
WARNING 2025-09-22 02:28:43,979 log 23876 24496 Not Found: /.well-known/appspecific/com.chrome.devtools.json
WARNING 2025-09-22 02:28:43,980 basehttp 23876 24496 "GET /.well-known/appspecific/com.chrome.devtools.json HTTP/1.1" 404 10362
INFO 2025-09-22 02:28:46,829 basehttp 23876 24496 "POST /edit_order/39 HTTP/1.1" 302 0
INFO 2025-09-22 02:28:46,849 basehttp 23876 24496 "GET /edit_order/39 HTTP/1.1" 200 35478
WARNING 2025-09-22 02:28:46,899 log 23876 24496 Not Found: /.well-known/appspecific/com.chrome.devtools.json
WARNING 2025-09-22 02:28:46,900 basehttp 23876 24496 "GET /.well-known/appspecific/com.chrome.devtools.json HTTP/1.1" 404 10362
INFO 2025-09-22 02:29:08,302 basehttp 23876 27144 "POST /edit_order/39 HTTP/1.1" 302 0
INFO 2025-09-22 02:29:08,323 basehttp 23876 27144 "GET /edit_order/39 HTTP/1.1" 200 35472
WARNING 2025-09-22 02:29:08,366 log 23876 27144 Not Found: /.well-known/appspecific/com.chrome.devtools.json
WARNING 2025-09-22 02:29:08,367 basehttp 23876 27144 "GET /.well-known/appspecific/com.chrome.devtools.json HTTP/1.1" 404 10362
ERROR 2025-09-22 02:29:20,394 log 23876 25116 Internal Server Error: /edit_order/39
Traceback (most recent call last):
  File "C:\Users\mahmo\AppData\Roaming\Python\Python313\site-packages\django\utils\datastructures.py", line 84, in __getitem__
    list_ = super().__getitem__(key)
KeyError: 'quantity_1 x item_1: 24 in Order #39 - Price: 5.00'

During handling of the above exception, another exception occurred:

Traceback (most recent call last):
  File "C:\Users\mahmo\AppData\Roaming\Python\Python313\site-packages\django\core\handlers\exception.py", line 55, in inner
    response = get_response(request)
  File "C:\Users\mahmo\AppData\Roaming\Python\Python313\site-packages\django\core\handlers\base.py", line 197, in _get_response
    response = wrapped_callback(request, *callback_args, **callback_kwargs)
  File "C:\Users\mahmo\AppData\Roaming\Python\Python313\site-packages\django\views\generic\base.py", line 104, in view
    return self.dispatch(request, *args, **kwargs)
           ~~~~~~~~~~~~~^^^^^^^^^^^^^^^^^^^^^^^^^^
  File "C:\Users\mahmo\AppData\Roaming\Python\Python313\site-packages\django\contrib\auth\mixins.py", line 73, in dispatch
    return super().dispatch(request, *args, **kwargs)
           ~~~~~~~~~~~~~~~~^^^^^^^^^^^^^^^^^^^^^^^^^^
  File "C:\Users\mahmo\AppData\Roaming\Python\Python313\site-packages\django\views\generic\base.py", line 143, in dispatch
    return handler(request, *args, **kwargs)
  File "C:\D\Cooding\GENERAL\Al-Asel\main\views_cbv.py", line 348, in post
    new_quantity = request.POST[f"quantity_{order_item}"]
                   ~~~~~~~~~~~~^^^^^^^^^^^^^^^^^^^^^^^^^^
  File "C:\Users\mahmo\AppData\Roaming\Python\Python313\site-packages\django\utils\datastructures.py", line 86, in __getitem__
    raise MultiValueDictKeyError(key)
django.utils.datastructures.MultiValueDictKeyError: 'quantity_1 x item_1: 24 in Order #39 - Price: 5.00'
ERROR 2025-09-22 02:29:20,406 basehttp 23876 25116 "POST /edit_order/39 HTTP/1.1" 500 98646
WARNING 2025-09-22 02:29:20,445 log 23876 25116 Not Found: /.well-known/appspecific/com.chrome.devtools.json
WARNING 2025-09-22 02:29:20,446 basehttp 23876 25116 "GET /.well-known/appspecific/com.chrome.devtools.json HTTP/1.1" 404 10362
WARNING 2025-09-22 02:29:22,397 log 23876 23568 Not Found: /.well-known/appspecific/com.chrome.devtools.json
WARNING 2025-09-22 02:29:22,398 basehttp 23876 23568 "GET /.well-known/appspecific/com.chrome.devtools.json HTTP/1.1" 404 10362
INFO 2025-09-22 02:29:23,494 basehttp 23876 23568 "GET /edit_order/39 HTTP/1.1" 200 35472
WARNING 2025-09-22 02:29:23,535 log 23876 23568 Not Found: /.well-known/appspecific/com.chrome.devtools.json
WARNING 2025-09-22 02:29:23,536 basehttp 23876 23568 "GET /.well-known/appspecific/com.chrome.devtools.json HTTP/1.1" 404 10362
ERROR 2025-09-22 02:29:26,056 log 23876 23568 Internal Server Error: /edit_order/39
Traceback (most recent call last):
  File "C:\Users\mahmo\AppData\Roaming\Python\Python313\site-packages\django\utils\datastructures.py", line 84, in __getitem__
    list_ = super().__getitem__(key)
KeyError: 'quantity_1 x item_1: 24 in Order #39 - Price: 5.00'

During handling of the above exception, another exception occurred:

Traceback (most recent call last):
  File "C:\Users\mahmo\AppData\Roaming\Python\Python313\site-packages\django\core\handlers\exception.py", line 55, in inner
    response = get_response(request)
  File "C:\Users\mahmo\AppData\Roaming\Python\Python313\site-packages\django\core\handlers\base.py", line 197, in _get_response
    response = wrapped_callback(request, *callback_args, **callback_kwargs)
  File "C:\Users\mahmo\AppData\Roaming\Python\Python313\site-packages\django\views\generic\base.py", line 104, in view
    return self.dispatch(request, *args, **kwargs)
           ~~~~~~~~~~~~~^^^^^^^^^^^^^^^^^^^^^^^^^^
  File "C:\Users\mahmo\AppData\Roaming\Python\Python313\site-packages\django\contrib\auth\mixins.py", line 73, in dispatch
    return super().dispatch(request, *args, **kwargs)
           ~~~~~~~~~~~~~~~~^^^^^^^^^^^^^^^^^^^^^^^^^^
  File "C:\Users\mahmo\AppData\Roaming\Python\Python313\site-packages\django\views\generic\base.py", line 143, in dispatch
    return handler(request, *args, **kwargs)
  File "C:\D\Cooding\GENERAL\Al-Asel\main\views_cbv.py", line 348, in post
    new_quantity = request.POST[f"quantity_{order_item}"]
                   ~~~~~~~~~~~~^^^^^^^^^^^^^^^^^^^^^^^^^^
  File "C:\Users\mahmo\AppData\Roaming\Python\Python313\site-packages\django\utils\datastructures.py", line 86, in __getitem__
    raise MultiValueDictKeyError(key)
django.utils.datastructures.MultiValueDictKeyError: 'quantity_1 x item_1: 24 in Order #39 - Price: 5.00'
ERROR 2025-09-22 02:29:26,059 basehttp 23876 23568 "POST /edit_order/39 HTTP/1.1" 500 98646
WARNING 2025-09-22 02:29:26,113 log 23876 23568 Not Found: /.well-known/appspecific/com.chrome.devtools.json
WARNING 2025-09-22 02:29:26,114 basehttp 23876 23568 "GET /.well-known/appspecific/com.chrome.devtools.json HTTP/1.1" 404 10362
WARNING 2025-09-22 02:29:29,634 log 23876 23568 Not Found: /.well-known/appspecific/com.chrome.devtools.json
WARNING 2025-09-22 02:29:29,634 basehttp 23876 23568 "GET /.well-known/appspecific/com.chrome.devtools.json HTTP/1.1" 404 10362
INFO 2025-09-22 02:29:32,282 basehttp 23876 7716 "GET /edit_order/39 HTTP/1.1" 200 35472
WARNING 2025-09-22 02:29:32,329 log 23876 7716 Not Found: /.well-known/appspecific/com.chrome.devtools.json
WARNING 2025-09-22 02:29:32,330 basehttp 23876 7716 "GET /.well-known/appspecific/com.chrome.devtools.json HTTP/1.1" 404 10362
INFO 2025-09-22 02:29:46,167 basehttp 23876 27940 "GET / HTTP/1.1" 200 117641
WARNING 2025-09-22 02:29:46,215 log 23876 27940 Not Found: /.well-known/appspecific/com.chrome.devtools.json
WARNING 2025-09-22 02:29:46,216 basehttp 23876 27940 "GET /.well-known/appspecific/com.chrome.devtools.json HTTP/1.1" 404 10362
INFO 2025-09-22 02:31:12,566 basehttp 23876 3884 "GET /edit_order/39 HTTP/1.1" 200 35472
WARNING 2025-09-22 02:31:12,642 log 23876 3884 Not Found: /.well-known/appspecific/com.chrome.devtools.json
WARNING 2025-09-22 02:31:12,645 basehttp 23876 3884 "GET /.well-known/appspecific/com.chrome.devtools.json HTTP/1.1" 404 10362
ERROR 2025-09-22 02:31:16,691 log 23876 3884 Internal Server Error: /edit_order/39
Traceback (most recent call last):
  File "C:\Users\mahmo\AppData\Roaming\Python\Python313\site-packages\django\utils\datastructures.py", line 84, in __getitem__
    list_ = super().__getitem__(key)
KeyError: 'quantity_1 x item_1: 24 in Order #39 - Price: 5.00'

During handling of the above exception, another exception occurred:

Traceback (most recent call last):
  File "C:\Users\mahmo\AppData\Roaming\Python\Python313\site-packages\django\core\handlers\exception.py", line 55, in inner
    response = get_response(request)
  File "C:\Users\mahmo\AppData\Roaming\Python\Python313\site-packages\django\core\handlers\base.py", line 197, in _get_response
    response = wrapped_callback(request, *callback_args, **callback_kwargs)
  File "C:\Users\mahmo\AppData\Roaming\Python\Python313\site-packages\django\views\generic\base.py", line 104, in view
    return self.dispatch(request, *args, **kwargs)
           ~~~~~~~~~~~~~^^^^^^^^^^^^^^^^^^^^^^^^^^
  File "C:\Users\mahmo\AppData\Roaming\Python\Python313\site-packages\django\contrib\auth\mixins.py", line 73, in dispatch
    return super().dispatch(request, *args, **kwargs)
           ~~~~~~~~~~~~~~~~^^^^^^^^^^^^^^^^^^^^^^^^^^
  File "C:\Users\mahmo\AppData\Roaming\Python\Python313\site-packages\django\views\generic\base.py", line 143, in dispatch
    return handler(request, *args, **kwargs)
  File "C:\D\Cooding\GENERAL\Al-Asel\main\views_cbv.py", line 348, in post
    new_quantity = request.POST[f"quantity_{order_item}"]
                   ~~~~~~~~~~~~^^^^^^^^^^^^^^^^^^^^^^^^^^
  File "C:\Users\mahmo\AppData\Roaming\Python\Python313\site-packages\django\utils\datastructures.py", line 86, in __getitem__
    raise MultiValueDictKeyError(key)
django.utils.datastructures.MultiValueDictKeyError: 'quantity_1 x item_1: 24 in Order #39 - Price: 5.00'
ERROR 2025-09-22 02:31:16,694 basehttp 23876 3884 "POST /edit_order/39 HTTP/1.1" 500 98649
WARNING 2025-09-22 02:31:16,781 log 23876 3884 Not Found: /.well-known/appspecific/com.chrome.devtools.json
WARNING 2025-09-22 02:31:16,784 basehttp 23876 3884 "GET /.well-known/appspecific/com.chrome.devtools.json HTTP/1.1" 404 10362
WARNING 2025-09-22 02:31:18,531 log 23876 3884 Not Found: /.well-known/appspecific/com.chrome.devtools.json
WARNING 2025-09-22 02:31:18,532 basehttp 23876 3884 "GET /.well-known/appspecific/com.chrome.devtools.json HTTP/1.1" 404 10362
INFO 2025-09-22 02:31:19,536 basehttp 23876 3884 "GET /edit_order/39 HTTP/1.1" 200 35472
WARNING 2025-09-22 02:31:19,645 log 23876 3884 Not Found: /.well-known/appspecific/com.chrome.devtools.json
WARNING 2025-09-22 02:31:19,647 basehttp 23876 3884 "GET /.well-known/appspecific/com.chrome.devtools.json HTTP/1.1" 404 10362
ERROR 2025-09-22 02:31:21,694 log 23876 26560 Internal Server Error: /edit_order/39
Traceback (most recent call last):
  File "C:\Users\mahmo\AppData\Roaming\Python\Python313\site-packages\django\utils\datastructures.py", line 84, in __getitem__
    list_ = super().__getitem__(key)
KeyError: 'quantity_1 x item_1: 24 in Order #39 - Price: 5.00'

During handling of the above exception, another exception occurred:

Traceback (most recent call last):
  File "C:\Users\mahmo\AppData\Roaming\Python\Python313\site-packages\django\core\handlers\exception.py", line 55, in inner
    response = get_response(request)
  File "C:\Users\mahmo\AppData\Roaming\Python\Python313\site-packages\django\core\handlers\base.py", line 197, in _get_response
    response = wrapped_callback(request, *callback_args, **callback_kwargs)
  File "C:\Users\mahmo\AppData\Roaming\Python\Python313\site-packages\django\views\generic\base.py", line 104, in view
    return self.dispatch(request, *args, **kwargs)
           ~~~~~~~~~~~~~^^^^^^^^^^^^^^^^^^^^^^^^^^
  File "C:\Users\mahmo\AppData\Roaming\Python\Python313\site-packages\django\contrib\auth\mixins.py", line 73, in dispatch
    return super().dispatch(request, *args, **kwargs)
           ~~~~~~~~~~~~~~~~^^^^^^^^^^^^^^^^^^^^^^^^^^
  File "C:\Users\mahmo\AppData\Roaming\Python\Python313\site-packages\django\views\generic\base.py", line 143, in dispatch
    return handler(request, *args, **kwargs)
  File "C:\D\Cooding\GENERAL\Al-Asel\main\views_cbv.py", line 348, in post
    new_quantity = request.POST[f"quantity_{order_item}"]
                   ~~~~~~~~~~~~^^^^^^^^^^^^^^^^^^^^^^^^^^
  File "C:\Users\mahmo\AppData\Roaming\Python\Python313\site-packages\django\utils\datastructures.py", line 86, in __getitem__
    raise MultiValueDictKeyError(key)
django.utils.datastructures.MultiValueDictKeyError: 'quantity_1 x item_1: 24 in Order #39 - Price: 5.00'
ERROR 2025-09-22 02:31:21,697 basehttp 23876 26560 "POST /edit_order/39 HTTP/1.1" 500 98646
WARNING 2025-09-22 02:31:21,750 log 23876 26560 Not Found: /.well-known/appspecific/com.chrome.devtools.json
WARNING 2025-09-22 02:31:21,751 basehttp 23876 26560 "GET /.well-known/appspecific/com.chrome.devtools.json HTTP/1.1" 404 10362
INFO 2025-09-22 02:32:41,727 basehttp 23876 6988 "GET /edit_order/39 HTTP/1.1" 200 35553
INFO 2025-09-22 02:32:42,371 basehttp 23876 6988 "GET /edit_order/39 HTTP/1.1" 200 35553
ERROR 2025-09-22 02:32:44,111 log 23876 6988 Internal Server Error: /edit_order/39
Traceback (most recent call last):
  File "C:\Users\mahmo\AppData\Roaming\Python\Python313\site-packages\django\utils\datastructures.py", line 84, in __getitem__
    list_ = super().__getitem__(key)
KeyError: 'quantity_1 x item_1: 24 in Order #39 - Price: 5.00'

During handling of the above exception, another exception occurred:

Traceback (most recent call last):
  File "C:\Users\mahmo\AppData\Roaming\Python\Python313\site-packages\django\core\handlers\exception.py", line 55, in inner
    response = get_response(request)
  File "C:\Users\mahmo\AppData\Roaming\Python\Python313\site-packages\django\core\handlers\base.py", line 197, in _get_response
    response = wrapped_callback(request, *callback_args, **callback_kwargs)
  File "C:\Users\mahmo\AppData\Roaming\Python\Python313\site-packages\django\views\generic\base.py", line 104, in view
    return self.dispatch(request, *args, **kwargs)
           ~~~~~~~~~~~~~^^^^^^^^^^^^^^^^^^^^^^^^^^
  File "C:\Users\mahmo\AppData\Roaming\Python\Python313\site-packages\django\contrib\auth\mixins.py", line 73, in dispatch
    return super().dispatch(request, *args, **kwargs)
           ~~~~~~~~~~~~~~~~^^^^^^^^^^^^^^^^^^^^^^^^^^
  File "C:\Users\mahmo\AppData\Roaming\Python\Python313\site-packages\django\views\generic\base.py", line 143, in dispatch
    return handler(request, *args, **kwargs)
  File "C:\D\Cooding\GENERAL\Al-Asel\main\views_cbv.py", line 348, in post
    new_quantity = request.POST[f"quantity_{order_item}"]
                   ~~~~~~~~~~~~^^^^^^^^^^^^^^^^^^^^^^^^^^
  File "C:\Users\mahmo\AppData\Roaming\Python\Python313\site-packages\django\utils\datastructures.py", line 86, in __getitem__
    raise MultiValueDictKeyError(key)
django.utils.datastructures.MultiValueDictKeyError: 'quantity_1 x item_1: 24 in Order #39 - Price: 5.00'
ERROR 2025-09-22 02:32:44,113 basehttp 23876 6988 "POST /edit_order/39 HTTP/1.1" 500 98626
INFO 2025-09-22 02:32:51,078 basehttp 23876 6988 "GET /delete_order/39 HTTP/1.1" 200 31434
INFO 2025-09-22 02:32:54,376 basehttp 23876 6988 "POST /delete_order/39 HTTP/1.1" 302 0
INFO 2025-09-22 02:32:54,410 basehttp 23876 6988 "GET /users/1 HTTP/1.1" 200 47924
INFO 2025-09-22 02:32:57,084 basehttp 23876 6988 "GET /users/ HTTP/1.1" 200 72234
INFO 2025-09-22 02:32:58,369 basehttp 23876 6988 "GET / HTTP/1.1" 200 117641
INFO 2025-09-22 02:33:06,912 basehttp 23876 6988 "POST / HTTP/1.1" 302 0
INFO 2025-09-22 02:33:06,934 basehttp 23876 6988 "GET /order_info/40 HTTP/1.1" 200 36754
INFO 2025-09-22 02:33:15,302 autoreload 15464 26988 Watching for file changes with StatReloader
INFO 2025-09-22 02:33:16,915 basehttp 15464 23764 "GET /order_info/40 HTTP/1.1" 200 36754
INFO 2025-09-22 02:33:21,996 basehttp 15464 23764 "POST /edit_order/40 HTTP/1.1" 302 0
INFO 2025-09-22 02:33:22,012 basehttp 15464 23764 "GET /edit_order/40 HTTP/1.1" 200 37010
INFO 2025-09-22 02:33:26,033 basehttp 15464 23764 "POST /edit_order/40 HTTP/1.1" 302 0
INFO 2025-09-22 02:33:26,049 basehttp 15464 23764 "GET /edit_order/40 HTTP/1.1" 200 37010
INFO 2025-09-22 02:33:35,585 basehttp 15464 23764 "POST /edit_order/40 HTTP/1.1" 302 0
INFO 2025-09-22 02:33:35,602 basehttp 15464 23764 "GET /edit_order/40 HTTP/1.1" 200 37010
INFO 2025-09-22 02:33:40,054 basehttp 15464 23764 "POST /edit_order/40 HTTP/1.1" 302 0
INFO 2025-09-22 02:33:40,069 basehttp 15464 23764 "GET /edit_order/40 HTTP/1.1" 200 37022
INFO 2025-09-22 02:33:41,300 basehttp 15464 23764 "GET /edit_order/40 HTTP/1.1" 200 37022
INFO 2025-09-22 02:33:50,965 basehttp 15464 23764 "POST /edit_order/40 HTTP/1.1" 302 0
INFO 2025-09-22 02:33:50,980 basehttp 15464 23764 "GET /edit_order/40 HTTP/1.1" 200 37010
ERROR 2025-09-22 02:34:03,518 log 15464 23764 Internal Server Error: /edit_order/40
Traceback (most recent call last):
  File "C:\Users\mahmo\AppData\Roaming\Python\Python313\site-packages\django\utils\datastructures.py", line 84, in __getitem__
    list_ = super().__getitem__(key)
KeyError: 'quantity_5 x item_1: 20 in Order #40 - Price: 25.00'

During handling of the above exception, another exception occurred:

Traceback (most recent call last):
  File "C:\Users\mahmo\AppData\Roaming\Python\Python313\site-packages\django\core\handlers\exception.py", line 55, in inner
    response = get_response(request)
  File "C:\Users\mahmo\AppData\Roaming\Python\Python313\site-packages\django\core\handlers\base.py", line 197, in _get_response
    response = wrapped_callback(request, *callback_args, **callback_kwargs)
  File "C:\Users\mahmo\AppData\Roaming\Python\Python313\site-packages\django\views\generic\base.py", line 104, in view
    return self.dispatch(request, *args, **kwargs)
           ~~~~~~~~~~~~~^^^^^^^^^^^^^^^^^^^^^^^^^^
  File "C:\Users\mahmo\AppData\Roaming\Python\Python313\site-packages\django\contrib\auth\mixins.py", line 73, in dispatch
    return super().dispatch(request, *args, **kwargs)
           ~~~~~~~~~~~~~~~~^^^^^^^^^^^^^^^^^^^^^^^^^^
  File "C:\Users\mahmo\AppData\Roaming\Python\Python313\site-packages\django\views\generic\base.py", line 143, in dispatch
    return handler(request, *args, **kwargs)
  File "C:\D\Cooding\GENERAL\Al-Asel\main\views_cbv.py", line 348, in post
    new_quantity = request.POST[f"quantity_{order_item}"]
                   ~~~~~~~~~~~~^^^^^^^^^^^^^^^^^^^^^^^^^^
  File "C:\Users\mahmo\AppData\Roaming\Python\Python313\site-packages\django\utils\datastructures.py", line 86, in __getitem__
    raise MultiValueDictKeyError(key)
django.utils.datastructures.MultiValueDictKeyError: 'quantity_5 x item_1: 20 in Order #40 - Price: 25.00'
ERROR 2025-09-22 02:34:03,521 basehttp 15464 23764 "POST /edit_order/40 HTTP/1.1" 500 98921
INFO 2025-09-22 02:34:51,337 autoreload 15464 26988 C:\D\Cooding\GENERAL\Al-Asel\main\views_cbv.py changed, reloading.
INFO 2025-09-22 02:34:52,058 autoreload 2896 28044 Watching for file changes with StatReloader
INFO 2025-09-22 02:35:03,644 basehttp 2896 18160 "GET /delete_order/40 HTTP/1.1" 200 31435
INFO 2025-09-22 02:35:06,849 basehttp 2896 18160 "POST /delete_order/40 HTTP/1.1" 302 0
INFO 2025-09-22 02:35:06,893 basehttp 2896 18160 "GET /users/1 HTTP/1.1" 200 47924
INFO 2025-09-22 02:35:07,811 basehttp 2896 18160 "GET /users/ HTTP/1.1" 200 72234
INFO 2025-09-22 02:35:09,124 basehttp 2896 18160 "GET / HTTP/1.1" 200 117641
INFO 2025-09-22 02:35:14,616 basehttp 2896 18160 "POST / HTTP/1.1" 302 0
INFO 2025-09-22 02:35:14,641 basehttp 2896 18160 "GET /order_info/41 HTTP/1.1" 200 36757
INFO 2025-09-22 02:35:15,387 autoreload 2896 28044 C:\D\Cooding\GENERAL\Al-Asel\main\views_cbv.py changed, reloading.
INFO 2025-09-22 02:35:16,102 autoreload 28148 23668 Watching for file changes with StatReloader
INFO 2025-09-22 02:35:18,441 basehttp 28148 5836 "GET /order_info/41 HTTP/1.1" 200 36757
INFO 2025-09-22 02:35:23,362 basehttp 28148 5836 "POST /edit_order/41 HTTP/1.1" 302 0
INFO 2025-09-22 02:35:23,374 basehttp 28148 5836 "GET /edit_order/41 HTTP/1.1" 200 37011
INFO 2025-09-22 02:35:31,890 basehttp 28148 5836 "POST /edit_order/41 HTTP/1.1" 302 0
INFO 2025-09-22 02:35:31,904 basehttp 28148 5836 "GET /edit_order/41 HTTP/1.1" 200 37013
INFO 2025-09-22 02:35:35,302 basehttp 28148 5836 "POST /edit_order/41 HTTP/1.1" 302 0
INFO 2025-09-22 02:35:35,316 basehttp 28148 5836 "GET /edit_order/41 HTTP/1.1" 200 37011
INFO 2025-09-22 02:35:38,067 basehttp 28148 5836 "POST /edit_order/41 HTTP/1.1" 302 0
INFO 2025-09-22 02:35:38,081 basehttp 28148 5836 "GET /edit_order/41 HTTP/1.1" 200 37013
INFO 2025-09-22 02:35:42,222 basehttp 28148 5836 "POST /edit_order/41 HTTP/1.1" 302 0
INFO 2025-09-22 02:35:42,235 basehttp 28148 5836 "GET /edit_order/41 HTTP/1.1" 200 37013
INFO 2025-09-22 02:35:55,753 basehttp 28148 5836 "GET /change_rank/41 HTTP/1.1" 302 0
INFO 2025-09-22 02:35:55,765 basehttp 28148 5836 "GET /edit_order/41 HTTP/1.1" 200 37013
INFO 2025-09-22 02:36:00,230 basehttp 28148 5836 "POST /edit_order/41 HTTP/1.1" 302 0
INFO 2025-09-22 02:36:00,243 basehttp 28148 5836 "GET /edit_order/41 HTTP/1.1" 200 37015
INFO 2025-09-22 02:36:02,015 basehttp 28148 5836 "GET /change_rank/41 HTTP/1.1" 302 0
INFO 2025-09-22 02:36:02,029 basehttp 28148 5836 "GET /edit_order/41 HTTP/1.1" 200 37015
INFO 2025-09-22 02:36:04,466 basehttp 28148 5836 "GET /change_rank/41 HTTP/1.1" 302 0
INFO 2025-09-22 02:36:04,479 basehttp 28148 5836 "GET /edit_order/41 HTTP/1.1" 200 37015
INFO 2025-09-22 02:36:06,322 basehttp 28148 5836 "GET /change_rank/41 HTTP/1.1" 302 0
INFO 2025-09-22 02:36:06,336 basehttp 28148 5836 "GET /edit_order/41 HTTP/1.1" 200 37015
INFO 2025-09-22 02:36:09,115 basehttp 28148 5836 "POST /edit_order/41 HTTP/1.1" 302 0
INFO 2025-09-22 02:36:09,130 basehttp 28148 5836 "GET /edit_order/41 HTTP/1.1" 200 37013
INFO 2025-09-22 02:36:13,434 basehttp 28148 5836 "POST /edit_order/41 HTTP/1.1" 302 0
INFO 2025-09-22 02:36:13,448 basehttp 28148 5836 "GET /edit_order/41 HTTP/1.1" 200 37015
INFO 2025-09-22 02:36:15,517 basehttp 28148 5836 "GET /change_rank/41 HTTP/1.1" 302 0
INFO 2025-09-22 02:36:15,529 basehttp 28148 5836 "GET /edit_order/41 HTTP/1.1" 200 37015
INFO 2025-09-22 02:36:17,231 basehttp 28148 5836 "GET /change_rank/41 HTTP/1.1" 302 0
INFO 2025-09-22 02:36:17,245 basehttp 28148 5836 "GET /edit_order/41 HTTP/1.1" 200 37015
INFO 2025-09-22 02:36:19,797 basehttp 28148 5836 "GET /put_rest?order_id=41 HTTP/1.1" 200 30760
INFO 2025-09-22 02:36:22,698 basehttp 28148 5836 "POST /put_rest?order_id=41 HTTP/1.1" 302 0
INFO 2025-09-22 02:36:22,713 basehttp 28148 5836 "GET /order_info/41 HTTP/1.1" 200 36981
INFO 2025-09-22 02:36:25,480 basehttp 28148 5836 "GET /order_info/41 HTTP/1.1" 200 36981
INFO 2025-09-22 02:36:40,679 basehttp 28148 5836 "GET /all_rest_orders HTTP/1.1" 200 37626
INFO 2025-09-22 02:36:51,236 basehttp 28148 5836 "GET /order_info/41 HTTP/1.1" 200 36981
INFO 2025-09-22 02:37:16,287 basehttp 28148 5836 "GET / HTTP/1.1" 200 117641
INFO 2025-09-22 02:38:35,938 basehttp 28148 5836 "GET / HTTP/1.1" 200 117641
WARNING 2025-09-22 02:38:36,044 log 28148 5836 Not Found: /.well-known/appspecific/com.chrome.devtools.json
WARNING 2025-09-22 02:38:36,046 basehttp 28148 5836 "GET /.well-known/appspecific/com.chrome.devtools.json HTTP/1.1" 404 10362
INFO 2025-09-22 02:38:37,758 basehttp 28148 5836 "GET / HTTP/1.1" 200 117641
WARNING 2025-09-22 02:38:37,865 log 28148 5836 Not Found: /.well-known/appspecific/com.chrome.devtools.json
WARNING 2025-09-22 02:38:37,865 basehttp 28148 5836 "GET /.well-known/appspecific/com.chrome.devtools.json HTTP/1.1" 404 10362
INFO 2025-09-22 02:38:42,560 basehttp 28148 5836 "GET / HTTP/1.1" 200 117641
WARNING 2025-09-22 02:38:42,670 log 28148 5836 Not Found: /.well-known/appspecific/com.chrome.devtools.json
WARNING 2025-09-22 02:38:42,672 basehttp 28148 5836 "GET /.well-known/appspecific/com.chrome.devtools.json HTTP/1.1" 404 10362
INFO 2025-09-22 02:38:44,010 basehttp 28148 5836 "GET / HTTP/1.1" 200 117641
WARNING 2025-09-22 02:38:44,146 log 28148 5836 Not Found: /.well-known/appspecific/com.chrome.devtools.json
WARNING 2025-09-22 02:38:44,147 basehttp 28148 5836 "GET /.well-known/appspecific/com.chrome.devtools.json HTTP/1.1" 404 10362
INFO 2025-09-22 02:38:45,500 basehttp 28148 5836 "GET / HTTP/1.1" 200 117641
WARNING 2025-09-22 02:38:45,544 log 28148 5836 Not Found: /.well-known/appspecific/com.chrome.devtools.json
WARNING 2025-09-22 02:38:45,546 basehttp 28148 5836 "GET /.well-known/appspecific/com.chrome.devtools.json HTTP/1.1" 404 10362
INFO 2025-09-22 02:39:03,713 basehttp 28148 440 "GET / HTTP/1.1" 200 131229
WARNING 2025-09-22 02:39:03,780 log 28148 440 Not Found: /.well-known/appspecific/com.chrome.devtools.json
WARNING 2025-09-22 02:39:03,780 basehttp 28148 440 "GET /.well-known/appspecific/com.chrome.devtools.json HTTP/1.1" 404 10362
INFO 2025-09-22 02:39:14,857 basehttp 28148 14700 "GET / HTTP/1.1" 200 131524
WARNING 2025-09-22 02:39:14,915 log 28148 14700 Not Found: /.well-known/appspecific/com.chrome.devtools.json
WARNING 2025-09-22 02:39:14,917 basehttp 28148 14700 "GET /.well-known/appspecific/com.chrome.devtools.json HTTP/1.1" 404 10362
INFO 2025-09-22 02:40:22,987 basehttp 28148 30584 "GET / HTTP/1.1" 200 131524
WARNING 2025-09-22 02:40:23,046 log 28148 30584 Not Found: /.well-known/appspecific/com.chrome.devtools.json
WARNING 2025-09-22 02:40:23,047 basehttp 28148 30584 "GET /.well-known/appspecific/com.chrome.devtools.json HTTP/1.1" 404 10362
INFO 2025-09-22 02:40:30,813 basehttp 28148 28220 "GET / HTTP/1.1" 200 131524
WARNING 2025-09-22 02:40:30,866 log 28148 28220 Not Found: /.well-known/appspecific/com.chrome.devtools.json
WARNING 2025-09-22 02:40:30,867 basehttp 28148 28220 "GET /.well-known/appspecific/com.chrome.devtools.json HTTP/1.1" 404 10362
INFO 2025-09-22 02:41:33,180 basehttp 28148 10104 "GET / HTTP/1.1" 200 131524
WARNING 2025-09-22 02:41:33,234 log 28148 10104 Not Found: /.well-known/appspecific/com.chrome.devtools.json
WARNING 2025-09-22 02:41:33,235 basehttp 28148 10104 "GET /.well-known/appspecific/com.chrome.devtools.json HTTP/1.1" 404 10362
INFO 2025-09-22 02:42:21,189 basehttp 28148 10104 "GET / HTTP/1.1" 200 131524
WARNING 2025-09-22 02:42:21,269 log 28148 10104 Not Found: /.well-known/appspecific/com.chrome.devtools.json
WARNING 2025-09-22 02:42:21,271 basehttp 28148 10104 "GET /.well-known/appspecific/com.chrome.devtools.json HTTP/1.1" 404 10362
INFO 2025-09-22 02:43:03,822 basehttp 28148 12428 "GET / HTTP/1.1" 200 135444
WARNING 2025-09-22 02:43:03,900 log 28148 12428 Not Found: /.well-known/appspecific/com.chrome.devtools.json
WARNING 2025-09-22 02:43:03,902 basehttp 28148 12428 "GET /.well-known/appspecific/com.chrome.devtools.json HTTP/1.1" 404 10362
INFO 2025-09-22 02:43:08,589 basehttp 28148 14748 "GET / HTTP/1.1" 200 135444
WARNING 2025-09-22 02:43:08,652 log 28148 14748 Not Found: /.well-known/appspecific/com.chrome.devtools.json
WARNING 2025-09-22 02:43:08,653 basehttp 28148 14748 "GET /.well-known/appspecific/com.chrome.devtools.json HTTP/1.1" 404 10362
INFO 2025-09-22 02:43:52,387 autoreload 5836 24388 Watching for file changes with StatReloader
INFO 2025-09-22 02:43:52,573 basehttp 5836 2892 "GET / HTTP/1.1" 200 135445
WARNING 2025-09-22 02:43:52,629 log 5836 22204 Not Found: /.well-known/appspecific/com.chrome.devtools.json
WARNING 2025-09-22 02:43:52,635 basehttp 5836 22204 "GET /.well-known/appspecific/com.chrome.devtools.json HTTP/1.1" 404 10362
INFO 2025-09-22 02:43:52,674 basehttp 5836 2892 "GET /static/main/makee.js HTTP/1.1" 200 4859
INFO 2025-09-22 02:44:51,987 basehttp 5836 30112 "GET / HTTP/1.1" 200 135445
INFO 2025-09-22 02:44:52,012 basehttp 5836 30112 "GET /static/main/makee.js HTTP/1.1" 304 0
WARNING 2025-09-22 02:44:52,120 log 5836 30112 Not Found: /.well-known/appspecific/com.chrome.devtools.json
WARNING 2025-09-22 02:44:52,121 basehttp 5836 30112 "GET /.well-known/appspecific/com.chrome.devtools.json HTTP/1.1" 404 10362
INFO 2025-09-22 02:44:57,615 basehttp 5836 28220 "GET / HTTP/1.1" 200 135445
WARNING 2025-09-22 02:44:57,669 log 5836 28220 Not Found: /.well-known/appspecific/com.chrome.devtools.json
WARNING 2025-09-22 02:44:57,671 basehttp 5836 28220 "GET /.well-known/appspecific/com.chrome.devtools.json HTTP/1.1" 404 10362
INFO 2025-09-22 02:44:59,097 basehttp 5836 28220 "GET / HTTP/1.1" 200 135473
INFO 2025-09-22 02:44:59,117 basehttp 5836 28220 "GET /static/main/makee.js HTTP/1.1" 304 0
WARNING 2025-09-22 02:44:59,146 log 5836 28220 Not Found: /.well-known/appspecific/com.chrome.devtools.json
WARNING 2025-09-22 02:44:59,148 basehttp 5836 28220 "GET /.well-known/appspecific/com.chrome.devtools.json HTTP/1.1" 404 10362
INFO 2025-09-22 02:45:18,684 basehttp 5836 13100 "GET / HTTP/1.1" 200 135515
INFO 2025-09-22 02:45:18,698 basehttp 5836 13100 "GET /static/main/makee.js HTTP/1.1" 304 0
INFO 2025-09-22 02:45:44,761 basehttp 5836 13100 "POST / HTTP/1.1" 302 0
INFO 2025-09-22 02:45:44,801 basehttp 5836 13100 "GET /order_info/42 HTTP/1.1" 200 38281
INFO 2025-09-22 02:45:51,808 basehttp 5836 13100 "GET /order_info/42/add_items HTTP/1.1" 200 103761
INFO 2025-09-22 02:45:51,818 basehttp 5836 13100 "GET /static/main/makee.js HTTP/1.1" 304 0
INFO 2025-09-22 02:45:54,300 basehttp 5836 13100 "POST /order_info/42/add_items HTTP/1.1" 302 0
INFO 2025-09-22 02:45:54,321 basehttp 5836 13100 "GET /order_info/42 HTTP/1.1" 200 39735
INFO 2025-09-22 02:46:00,980 basehttp 5836 13100 "GET /change_rank/42 HTTP/1.1" 302 0
INFO 2025-09-22 02:46:00,999 basehttp 5836 13100 "GET /edit_order/42 HTTP/1.1" 200 39992
INFO 2025-09-22 02:46:05,703 basehttp 5836 13100 "POST /edit_order/42 HTTP/1.1" 302 0
INFO 2025-09-22 02:46:05,733 basehttp 5836 13100 "GET /edit_order/42 HTTP/1.1" 200 39992
INFO 2025-09-22 02:46:11,493 basehttp 5836 13100 "POST /edit_order/42 HTTP/1.1" 302 0
INFO 2025-09-22 02:46:11,512 basehttp 5836 13100 "GET /edit_order/42 HTTP/1.1" 200 39989
INFO 2025-09-22 02:46:18,426 basehttp 5836 13100 "GET /delete_order_item/421 HTTP/1.1" 302 0
INFO 2025-09-22 02:46:18,443 basehttp 5836 13100 "GET /order_info/42 HTTP/1.1" 200 38279
INFO 2025-09-22 02:46:32,639 basehttp 5836 13100 "POST /edit_order/42 HTTP/1.1" 302 0
INFO 2025-09-22 02:46:32,658 basehttp 5836 13100 "GET /edit_order/42 HTTP/1.1" 200 38535
INFO 2025-09-22 02:46:46,120 basehttp 5836 13100 "POST /edit_order/42 HTTP/1.1" 302 0
INFO 2025-09-22 02:46:46,137 basehttp 5836 13100 "GET /edit_order/42 HTTP/1.1" 200 38535
INFO 2025-09-22 02:46:48,255 basehttp 5836 13100 "POST /edit_order/42 HTTP/1.1" 302 0
INFO 2025-09-22 02:46:48,272 basehttp 5836 13100 "GET /edit_order/42 HTTP/1.1" 200 38535
INFO 2025-09-22 02:46:58,539 basehttp 5836 13100 "POST /edit_order/42 HTTP/1.1" 302 0
INFO 2025-09-22 02:46:58,562 basehttp 5836 13100 "GET /edit_order/42 HTTP/1.1" 200 38535
INFO 2025-09-22 02:47:03,453 basehttp 5836 13100 "POST /edit_order/42 HTTP/1.1" 302 0
INFO 2025-09-22 02:47:03,469 basehttp 5836 13100 "GET /edit_order/42 HTTP/1.1" 200 38536
INFO 2025-09-22 02:47:06,027 basehttp 5836 13100 "GET /delete_order/42 HTTP/1.1" 200 31505
INFO 2025-09-22 02:47:08,783 basehttp 5836 13100 "POST /delete_order/42 HTTP/1.1" 302 0
INFO 2025-09-22 02:47:08,801 basehttp 5836 13100 "GET /users/1 HTTP/1.1" 200 49351
WARNING 2025-09-22 02:47:19,443 log 5836 13100 Not Found: /.well-known/appspecific/com.chrome.devtools.json
WARNING 2025-09-22 02:47:19,443 basehttp 5836 13100 "GET /.well-known/appspecific/com.chrome.devtools.json HTTP/1.1" 404 10362
INFO 2025-09-22 02:47:28,865 basehttp 5836 13100 "GET /users/ HTTP/1.1" 200 73246
INFO 2025-09-22 02:47:30,479 basehttp 5836 13100 "GET / HTTP/1.1" 200 135515
INFO 2025-09-22 02:47:30,489 basehttp 5836 13100 "GET /static/main/makee.js HTTP/1.1" 304 0
INFO 2025-09-22 02:47:31,694 basehttp 5836 13100 "GET /total_orders HTTP/1.1" 200 55110
INFO 2025-09-22 02:47:32,798 basehttp 5836 13100 "GET / HTTP/1.1" 200 135515
INFO 2025-09-22 02:47:33,749 basehttp 5836 13100 "GET /users/ HTTP/1.1" 200 73246
INFO 2025-09-22 02:47:37,417 basehttp 5836 13100 "GET /users/all_orders HTTP/1.1" 200 60601
INFO 2025-09-22 02:47:40,498 basehttp 5836 13100 "GET /all_rest_orders HTTP/1.1" 200 37696
INFO 2025-09-22 02:47:44,532 basehttp 5836 13100 "GET /coming_order HTTP/1.1" 200 94385
INFO 2025-09-22 02:47:51,168 basehttp 5836 13100 "GET /users/all_coming_orders HTTP/1.1" 200 55797
INFO 2025-09-22 02:48:07,483 basehttp 5836 13100 "GET /total_orders HTTP/1.1" 200 55110
INFO 2025-09-22 02:48:08,414 basehttp 5836 13100 "GET /users/ HTTP/1.1" 200 73246
INFO 2025-09-22 02:48:09,123 basehttp 5836 13100 "GET / HTTP/1.1" 200 135515
INFO 2025-09-22 02:48:09,135 basehttp 5836 13100 "GET /static/main/makee.js HTTP/1.1" 304 0
INFO 2025-09-22 02:48:13,553 basehttp 5836 13100 "GET /create_customer HTTP/1.1" 200 31622
INFO 2025-09-22 02:48:20,881 basehttp 5836 13100 "GET /create_item HTTP/1.1" 200 34355
INFO 2025-09-22 02:48:26,415 basehttp 5836 13100 "GET /create_customer HTTP/1.1" 200 31622
INFO 2025-09-22 02:51:02,777 autoreload 30272 27996 Watching for file changes with StatReloader
INFO 2025-09-22 02:51:11,996 basehttp 30272 8332 "GET / HTTP/1.1" 200 135514
INFO 2025-09-22 02:56:06,491 basehttp 30272 8332 "GET / HTTP/1.1" 200 135757
